SF:lib\Cliente.dart
DA:8,1
DA:15,1
DA:16,2
DA:19,1
DA:20,1
LF:5
LH:5
end_of_record
SF:lib\Controlador.dart
DA:12,0
DA:14,1
DA:16,1
DA:17,1
DA:20,2
DA:21,2
DA:22,2
DA:23,2
DA:26,2
DA:27,2
DA:28,2
DA:29,2
DA:32,0
DA:35,0
DA:36,0
DA:39,0
DA:42,0
DA:43,0
DA:46,1
DA:50,3
LF:20
LH:13
end_of_record
SF:lib\EstadoProducto.dart
DA:1,2
LF:1
LH:1
end_of_record
SF:lib\FiltroDistancia.dart
DA:5,0
DA:7,0
DA:8,0
DA:10,0
DA:11,0
DA:12,0
LF:6
LH:0
end_of_record
SF:lib\FiltroEstadoproducto.dart
DA:6,0
DA:7,0
DA:9,0
DA:11,0
DA:12,0
DA:14,0
LF:6
LH:0
end_of_record
SF:lib\FiltroPrecio.dart
DA:5,0
DA:6,0
DA:8,0
DA:10,0
DA:11,0
DA:12,0
LF:6
LH:0
end_of_record
SF:lib\FiltroTipoProducto.dart
DA:7,0
DA:8,0
DA:10,0
DA:12,0
DA:13,0
DA:14,0
LF:6
LH:0
end_of_record
SF:lib\GestorFiltros.dart
DA:13,1
DA:14,2
DA:18,1
DA:19,2
DA:22,1
DA:24,2
LF:6
LH:6
end_of_record
SF:lib\Objetivo.dart
DA:6,2
DA:12,1
DA:13,1
DA:15,1
DA:16,3
DA:17,2
DA:18,2
DA:19,2
DA:20,2
DA:21,5
DA:22,5
DA:24,1
DA:26,2
DA:27,2
DA:28,2
DA:29,2
DA:30,2
DA:31,2
DA:32,2
LF:19
LH:19
end_of_record
SF:lib\Producto.dart
DA:17,2
DA:18,2
DA:19,2
DA:20,2
DA:21,2
DA:22,2
DA:25,0
DA:26,0
DA:28,0
DA:29,0
DA:31,0
DA:32,0
DA:34,0
DA:35,0
DA:38,0
DA:39,0
DA:42,0
DA:43,0
DA:58,1
LF:19
LH:7
end_of_record
SF:lib\TipoProducto.dart
DA:1,2
LF:1
LH:1
end_of_record
SF:lib\Vista.dart
DA:14,1
DA:16,1
DA:18,1
DA:21,1
DA:23,3
DA:26,0
DA:27,0
DA:30,1
DA:32,3
DA:33,1
DA:35,1
DA:39,0
DA:43,0
DA:45,0
DA:47,0
DA:49,0
DA:57,0
DA:59,0
DA:62,0
DA:63,0
DA:65,0
DA:67,0
DA:79,0
DA:81,0
DA:82,0
DA:83,0
DA:84,0
DA:85,0
DA:86,0
DA:103,0
LF:30
LH:9
end_of_record
SF:lib\main.dart
DA:19,0
DA:22,0
DA:23,0
DA:26,0
DA:27,0
DA:28,0
DA:29,0
DA:32,0
DA:35,0
DA:38,0
DA:39,0
DA:40,0
DA:41,0
DA:42,0
DA:43,0
DA:44,0
DA:45,0
DA:46,0
DA:47,0
DA:48,0
DA:49,0
DA:50,0
DA:51,0
DA:52,0
DA:53,0
DA:56,0
DA:58,0
DA:59,0
DA:60,0
DA:61,0
DA:62,0
DA:63,0
DA:64,0
DA:65,0
DA:66,0
DA:67,0
DA:68,0
DA:69,0
DA:70,0
DA:71,0
DA:72,0
DA:73,0
DA:76,0
DA:77,0
DA:80,0
DA:81,0
DA:82,0
DA:83,0
DA:101,0
DA:104,0
DA:109,0
DA:118,0
DA:121,0
DA:124,0
DA:126,0
DA:128,0
DA:131,0
DA:142,0
DA:146,0
DA:148,0
DA:149,0
DA:160,0
DA:161,0
DA:162,0
DA:163,0
DA:165,0
DA:169,0
DA:170,0
DA:171,0
DA:172,0
DA:174,0
DA:178,0
DA:179,0
DA:180,0
DA:181,0
DA:182,0
DA:183,0
DA:184,0
DA:185,0
DA:186,0
DA:187,0
DA:188,0
DA:189,0
DA:190,0
DA:191,0
DA:192,0
DA:193,0
DA:194,0
DA:197,0
DA:198,0
DA:200,0
DA:201,0
DA:202,0
DA:205,0
DA:206,0
DA:208,0
DA:211,0
DA:212,0
DA:213,0
DA:214,0
DA:215,0
DA:216,0
DA:217,0
DA:221,0
DA:223,0
DA:224,0
DA:225,0
DA:230,0
DA:231,0
DA:232,0
DA:234,0
DA:235,0
DA:238,0
DA:239,0
DA:240,0
DA:244,0
DA:247,0
DA:248,0
DA:249,0
DA:250,0
DA:254,0
DA:255,0
DA:256,0
DA:257,0
DA:261,0
DA:262,0
DA:266,0
DA:267,0
DA:268,0
DA:269,0
DA:274,0
DA:275,0
DA:276,0
DA:277,0
DA:278,0
DA:279,0
DA:283,0
DA:303,0
DA:304,0
DA:305,0
DA:306,0
DA:308,0
DA:309,0
DA:317,0
DA:318,0
DA:321,0
DA:323,0
DA:327,0
DA:330,0
DA:331,0
DA:332,0
DA:334,0
DA:335,0
DA:336,0
DA:337,0
DA:339,0
DA:344,0
DA:345,0
DA:349,0
DA:350,0
DA:351,0
DA:352,0
DA:354,0
DA:357,0
DA:359,0
DA:360,0
DA:374,0
DA:375,0
DA:378,0
DA:385,0
DA:387,0
DA:388,0
DA:389,0
DA:391,0
DA:392,0
DA:393,0
DA:394,0
DA:396,0
DA:397,0
DA:398,0
DA:400,0
LF:181
LH:0
end_of_record
SF:lib\CadenaFiltros.dart
DA:11,1
DA:13,1
DA:16,4
DA:17,1
DA:19,3
DA:21,0
DA:22,0
DA:26,2
DA:31,1
DA:32,2
LF:10
LH:8
end_of_record
